{"uid":"6d9b922c4d41bc4c","name":"checkOpenFormCreateCase","fullName":"tests.ui.CreateCaseTest.checkOpenFormCreateCase","historyId":"5e8f6775311b2ca5beaac4af7feca035","time":{"start":1753013058577,"stop":1753013082075,"duration":23498},"description":"Проверка успешного открытия тест-кейса","descriptionHtml":"<p>Проверка успешного открытия тест-кейса</p>\n","status":"failed","statusMessage":"Element not found {By.xpath: //button[@aria-label='Grid view']}\nExpected: clickable: interactable and enabled\nScreenshot: file:/home/runner/work/QASE/QASE/build/reports/tests/1753013081861.1.png\nPage source: file:/home/runner/work/QASE/QASE/build/reports/tests/1753013081861.1.html\nTimeout: 15 s.\nCaused by: NoSuchElementException: no such element: Unable to locate element: {\"method\":\"xpath\",\"selector\":\"//button[@aria-label='Grid view']\"}","statusTrace":"Element not found {By.xpath: //button[@aria-label='Grid view']}\nExpected: clickable: interactable and enabled\nScreenshot: file:/home/runner/work/QASE/QASE/build/reports/tests/1753013081861.1.png\nPage source: file:/home/runner/work/QASE/QASE/build/reports/tests/1753013081861.1.html\nTimeout: 15 s.\nCaused by: NoSuchElementException: no such element: Unable to locate element: {\"method\":\"xpath\",\"selector\":\"//button[@aria-label='Grid view']\"}\n\tat com.codeborne.selenide.impl.WebElementSource.createElementNotFoundError(WebElementSource.java:89)\n\tat com.codeborne.selenide.impl.ElementFinder.createElementNotFoundError(ElementFinder.java:129)\n\tat com.codeborne.selenide.impl.WebElementSource.handleError(WebElementSource.java:140)\n\tat com.codeborne.selenide.impl.WebElementSource.checkConditionAndReturnElement(WebElementSource.java:123)\n\tat com.codeborne.selenide.impl.WebElementSource.findAndAssertElementIsClickable(WebElementSource.java:169)\n\tat com.codeborne.selenide.commands.Click.findElement(Click.java:53)\n\tat com.codeborne.selenide.commands.Click.execute(Click.java:39)\n\tat com.codeborne.selenide.FluentCommand.execute(FluentCommand.java:27)\n\tat com.codeborne.selenide.FluentCommand.execute(FluentCommand.java:19)\n\tat com.codeborne.selenide.commands.Commands.execute(Commands.java:160)\n\tat com.codeborne.selenide.impl.SelenideElementProxy.dispatchAndRetry(SelenideElementProxy.java:131)\n\tat com.codeborne.selenide.impl.SelenideElementProxy.invoke(SelenideElementProxy.java:83)\n\tat jdk.proxy2/jdk.proxy2.$Proxy35.click(Unknown Source)\n\tat pages.mainPages.ProjectsPage.openProject(ProjectsPage.java:59)\n\tat tests.ui.CreateCaseTest.checkOpenFormCreateCase(CreateCaseTest.java:20)\n\tat java.base/jdk.internal.reflect.NativeMethodAccessorImpl.invoke0(Native Method)\n\tat java.base/jdk.internal.reflect.NativeMethodAccessorImpl.invoke(NativeMethodAccessorImpl.java:77)\n\tat java.base/jdk.internal.reflect.DelegatingMethodAccessorImpl.invoke(DelegatingMethodAccessorImpl.java:43)\n\tat java.base/java.lang.reflect.Method.invoke(Method.java:569)\n\tat org.testng.internal.invokers.MethodInvocationHelper.invokeMethod(MethodInvocationHelper.java:141)\n\tat org.testng.internal.invokers.TestInvoker.invokeMethod(TestInvoker.java:687)\n\tat org.testng.internal.invokers.TestInvoker.invokeTestMethod(TestInvoker.java:230)\n\tat org.testng.internal.invokers.MethodRunner.runInSequence(MethodRunner.java:63)\n\tat org.testng.internal.invokers.TestInvoker$MethodInvocationAgent.invoke(TestInvoker.java:995)\n\tat org.testng.internal.invokers.TestInvoker.invokeTestMethods(TestInvoker.java:203)\n\tat org.testng.internal.invokers.TestMethodWorker.invokeTestMethods(TestMethodWorker.java:154)\n\tat org.testng.internal.invokers.TestMethodWorker.run(TestMethodWorker.java:134)\n\tat java.base/java.util.concurrent.Executors$RunnableAdapter.call(Executors.java:539)\n\tat java.base/java.util.concurrent.FutureTask.run(FutureTask.java:264)\n\tat org.testng.internal.thread.graph.TestNGFutureTask.run(TestNGFutureTask.java:22)\n\tat java.base/java.util.concurrent.ThreadPoolExecutor.runWorker(ThreadPoolExecutor.java:1136)\n\tat java.base/java.util.concurrent.ThreadPoolExecutor$Worker.run(ThreadPoolExecutor.java:635)\n\tat java.base/java.lang.Thread.run(Thread.java:840)\nCaused by: org.openqa.selenium.NoSuchElementException: no such element: Unable to locate element: {\"method\":\"xpath\",\"selector\":\"//button[@aria-label='Grid view']\"}\n  (Session info: chrome=138.0.7204.100)\nFor documentation on this error, please visit: https://www.selenium.dev/documentation/webdriver/troubleshooting/errors#no-such-element-exception\nBuild info: version: '4.34.0', revision: '707dcb4246*'\nSystem info: os.name: 'Linux', os.arch: 'amd64', os.version: '6.11.0-1018-azure', java.version: '17.0.15'\nDriver info: org.openqa.selenium.chrome.ChromeDriver\nCommand: [a060db84fb40b156d30ae1bb95d550fd, findElement {using=xpath, value=//button[@aria-label='Grid view']}]\nCapabilities {acceptInsecureCerts: true, browserName: chrome, browserVersion: 138.0.7204.100, chrome: {chromedriverVersion: 138.0.7204.157 (e533e98b126..., userDataDir: /tmp/.org.chromium.Chromium...}, fedcm:accounts: true, goog:chromeOptions: {debuggerAddress: localhost:38017}, networkConnectionEnabled: false, pageLoadStrategy: normal, platformName: linux, proxy: Proxy(), se:cdp: ws://localhost:38017/devtoo..., se:cdpVersion: 138.0.7204.100, setWindowRect: true, strictFileInteractability: false, timeouts: {implicit: 0, pageLoad: 300000, script: 30000}, unhandledPromptBehavior: accept, webauthn:extension:credBlob: true, webauthn:extension:largeBlob: true, webauthn:extension:minPinLength: true, webauthn:extension:prf: true, webauthn:virtualAuthenticators: true}\nSession ID: a060db84fb40b156d30ae1bb95d550fd\n\tat jdk.internal.reflect.GeneratedConstructorAccessor30.newInstance(Unknown Source)\n\tat java.base/jdk.internal.reflect.DelegatingConstructorAccessorImpl.newInstance(DelegatingConstructorAccessorImpl.java:45)\n\tat java.base/java.lang.reflect.Constructor.newInstanceWithCaller(Constructor.java:500)\n\tat java.base/java.lang.reflect.Constructor.newInstance(Constructor.java:481)\n\tat org.openqa.selenium.remote.ErrorCodec.decode(ErrorCodec.java:167)\n\tat org.openqa.selenium.remote.codec.w3c.W3CHttpResponseCodec.decode(W3CHttpResponseCodec.java:138)\n\tat org.openqa.selenium.remote.codec.w3c.W3CHttpResponseCodec.decode(W3CHttpResponseCodec.java:50)\n\tat org.openqa.selenium.remote.HttpCommandExecutor.execute(HttpCommandExecutor.java:215)\n\tat org.openqa.selenium.remote.service.DriverCommandExecutor.invokeExecute(DriverCommandExecutor.java:216)\n\tat org.openqa.selenium.remote.service.DriverCommandExecutor.execute(DriverCommandExecutor.java:174)\n\tat org.openqa.selenium.remote.RemoteWebDriver.execute(RemoteWebDriver.java:544)\n\tat org.openqa.selenium.remote.ElementLocation$ElementFinder$2.findElement(ElementLocation.java:165)\n\tat org.openqa.selenium.remote.ElementLocation.findElement(ElementLocation.java:59)\n\tat org.openqa.selenium.remote.RemoteWebDriver.findElement(RemoteWebDriver.java:367)\n\tat org.openqa.selenium.remote.RemoteWebDriver.findElement(RemoteWebDriver.java:361)\n\tat com.codeborne.selenide.impl.WebElementSelector.findElement(WebElementSelector.java:67)\n\tat com.codeborne.selenide.impl.WebElementSelector.findElement(WebElementSelector.java:38)\n\tat com.codeborne.selenide.impl.WebElementSelector.findElement(WebElementSelector.java:29)\n\tat com.codeborne.selenide.impl.ElementFinder.getWebElement(ElementFinder.java:113)\n\tat com.codeborne.selenide.impl.WebElementSource.checkConditionAndReturnElement(WebElementSource.java:112)\n\t... 29 more\n","flaky":false,"newFailed":true,"newBroken":false,"newPassed":false,"retriesCount":0,"retriesStatusChange":false,"beforeStages":[{"name":"setup","time":{"start":1753013053282,"stop":1753013058465,"duration":5183},"description":"","status":"passed","steps":[],"attachments":[],"parameters":[],"shouldDisplayMessage":false,"stepsCount":0,"attachmentsCount":0,"hasContent":false,"attachmentStep":false}],"afterStages":[{"name":"tearDown","time":{"start":1753013082089,"stop":1753013082183,"duration":94},"description":"","status":"passed","steps":[{"name":"$(\"webdriver\") close()","time":{"start":1753013082092,"stop":1753013082182,"duration":90},"status":"passed","steps":[],"attachments":[],"parameters":[],"shouldDisplayMessage":false,"stepsCount":0,"attachmentsCount":0,"hasContent":false,"attachmentStep":false}],"attachments":[],"parameters":[],"shouldDisplayMessage":false,"stepsCount":1,"attachmentsCount":0,"hasContent":true,"attachmentStep":false}],"labels":[{"name":"package","value":"tests.ui.CreateCaseTest"},{"name":"testClass","value":"tests.ui.CreateCaseTest"},{"name":"testMethod","value":"checkOpenFormCreateCase"},{"name":"parentSuite","value":"QASE UI Suite"},{"name":"suite","value":"All UI tests"},{"name":"subSuite","value":"tests.ui.CreateCaseTest"},{"name":"host","value":"pkrvmq0rgcvqdmg"},{"name":"thread","value":"2569@pkrvmq0rgcvqdmg.TestNG-test-All UI tests-2(22)"},{"name":"framework","value":"testng"},{"name":"language","value":"java"},{"name":"epic","value":"Проект"},{"name":"story","value":"Отображение формы тест-кейса"},{"name":"feature","value":"Открытие формы создания тест-кейса"},{"name":"severity","value":"critical"},{"name":"resultFormat","value":"allure2"}],"parameters":[],"links":[{"name":"Документация","url":"https://app.qase.io/","type":"custom"}],"hidden":false,"retry":false,"extra":{"severity":"critical","retries":[],"categories":[{"name":"Product defects","matchedStatuses":[],"flaky":false}],"history":{"statistic":{"failed":6,"broken":1,"skipped":0,"passed":0,"unknown":0,"total":7},"items":[{"uid":"e652ab1fcd020c0","reportUrl":"https://forzoreugh.github.io/QASE/55//#testresult/e652ab1fcd020c0","status":"broken","statusDetails":"Could not start a new session. Response code 500. Message: session not created: probably user data directory is already in use, please specify a unique value for --user-data-dir argument, or don't use --user-data-dir \nHost info: host: 'pkrvmq0rgcvqdmg', ip: '10.1.0.19'\nBuild info: version: '4.34.0', revision: '707dcb4246*'\nSystem info: os.name: 'Linux', os.arch: 'amd64', os.version: '6.11.0-1018-azure', java.version: '17.0.15'\nDriver info: org.openqa.selenium.chrome.ChromeDriver\nCommand: [null, newSession {capabilities=[Capabilities {acceptInsecureCerts: true, browserName: chrome, goog:chromeOptions: {args: [--proxy-bypass-list=<-loopb..., --disable-dev-shm-usage, --disable-search-engine-cho..., --unsafely-disable-devtools..., --window-size=1920,1080, --ignore-ssl-errors=yes, --ignore-certificate-errors, --incognito, --disable-gpu, --no-sandbox], excludeSwitches: [enable-automation, load-extension], extensions: [], prefs: {autofill.credit_card_enabled: false, autofill.profile_enabled: false, credentials_enable_service: false, download.default_directory: /home/runner/work/QASE/QASE..., plugins.always_open_pdf_externally: true, profile.default_content_setting_values.automatic_downloads: 1, profile.password_manager_enabled: false, profile.password_manager_leak_detection: false, safebrowsing.enabled: true}}, pageLoadStrategy: normal, unhandledPromptBehavior: accept}]}]\nselenide.url: https://app.qase.io/login\nselenide.baseUrl: https://app.qase.io","time":{"start":1752958521965,"stop":1752958522184,"duration":219}},{"uid":"8c5c61db2d371cbe","reportUrl":"https://forzoreugh.github.io/QASE/45//#testresult/8c5c61db2d371cbe","status":"failed","statusDetails":"Element not found {By.xpath: //button[@aria-label='Grid view']}\nExpected: clickable: interactable and enabled\nScreenshot: file:/home/runner/work/QASE/QASE/build/reports/tests/1752859397540.2.png\nPage source: file:/home/runner/work/QASE/QASE/build/reports/tests/1752859397540.2.html\nTimeout: 15 s.\nCaused by: NoSuchElementException: no such element: Unable to locate element: {\"method\":\"xpath\",\"selector\":\"//button[@aria-label='Grid view']\"}","time":{"start":1752859380773,"stop":1752859397891,"duration":17118}},{"uid":"9cfd17fae8aefd7b","reportUrl":"https://forzoreugh.github.io/QASE/44//#testresult/9cfd17fae8aefd7b","status":"failed","statusDetails":"Element not found {By.xpath: //button[@aria-label='Grid view']}\nExpected: clickable: interactable and enabled\nScreenshot: file:/home/runner/work/QASE/QASE/build/reports/tests/1752859037154.2.png\nPage source: file:/home/runner/work/QASE/QASE/build/reports/tests/1752859037154.2.html\nTimeout: 15 s.\nCaused by: NoSuchElementException: no such element: Unable to locate element: {\"method\":\"xpath\",\"selector\":\"//button[@aria-label='Grid view']\"}","time":{"start":1752859020739,"stop":1752859037476,"duration":16737}},{"uid":"5d4e95584182006f","reportUrl":"https://forzoreugh.github.io/QASE/43//#testresult/5d4e95584182006f","status":"failed","statusDetails":"Element not found {By.xpath: //button[@aria-label='Grid view']}\nExpected: clickable: interactable and enabled\nScreenshot: file:/home/runner/work/QASE/QASE/build/reports/tests/1752858726331.2.png\nPage source: file:/home/runner/work/QASE/QASE/build/reports/tests/1752858726331.2.html\nTimeout: 15 s.\nCaused by: NoSuchElementException: no such element: Unable to locate element: {\"method\":\"xpath\",\"selector\":\"//button[@aria-label='Grid view']\"}","time":{"start":1752858709464,"stop":1752858726660,"duration":17196}},{"uid":"f78d55e203736fd9","reportUrl":"https://forzoreugh.github.io/QASE/42//#testresult/f78d55e203736fd9","status":"failed","statusDetails":"Element not found {By.xpath: //button[@aria-label='Grid view']}\nExpected: clickable: interactable and enabled\nScreenshot: file:/home/runner/work/QASE/QASE/build/reports/tests/1752858392679.2.png\nPage source: file:/home/runner/work/QASE/QASE/build/reports/tests/1752858392679.2.html\nTimeout: 10 s.\nCaused by: NoSuchElementException: no such element: Unable to locate element: {\"method\":\"xpath\",\"selector\":\"//button[@aria-label='Grid view']\"}","time":{"start":1752858381075,"stop":1752858393029,"duration":11954}},{"uid":"81a7a85cdb8adfce","reportUrl":"https://forzoreugh.github.io/QASE/41//#testresult/81a7a85cdb8adfce","status":"failed","statusDetails":"Element not found {By.xpath: //button[@aria-label='Grid view']}\nExpected: clickable: interactable and enabled\nScreenshot: file:/home/runner/work/QASE/QASE/build/reports/tests/1752858035967.7.png\nPage source: file:/home/runner/work/QASE/QASE/build/reports/tests/1752858035967.7.html\nTimeout: 10 s.\nCaused by: NoSuchElementException: no such element: Unable to locate element: {\"method\":\"xpath\",\"selector\":\"//button[@aria-label='Grid view']\"}","time":{"start":1752858023944,"stop":1752858036293,"duration":12349}}]},"tags":[]},"source":"6d9b922c4d41bc4c.json","parameterValues":[]}