{"uid":"99c26c90c6a77e22","name":"checkSearchProject","fullName":"tests.ui.ProjectsTest.checkSearchProject","historyId":"1a8caed995820cb542f1af454dff0722","time":{"start":1753013124132,"stop":1753013141160,"duration":17028},"status":"failed","statusMessage":"Element not found {by text: QASE_PROJECT}\nExpected: exist\nScreenshot: file:/home/runner/work/QASE/QASE/build/reports/tests/1753013140850.6.png\nPage source: file:/home/runner/work/QASE/QASE/build/reports/tests/1753013140850.6.html\nTimeout: 15 s.\nCaused by: NoSuchElementException: no such element: Unable to locate element: {\"method\":\"xpath\",\"selector\":\".//*/text()[normalize-space(translate(string(.), '","statusTrace":"Element not found {by text: QASE_PROJECT}\nExpected: exist\nScreenshot: file:/home/runner/work/QASE/QASE/build/reports/tests/1753013140850.6.png\nPage source: file:/home/runner/work/QASE/QASE/build/reports/tests/1753013140850.6.html\nTimeout: 15 s.\nCaused by: NoSuchElementException: no such element: Unable to locate element: {\"method\":\"xpath\",\"selector\":\".//*/text()[normalize-space(translate(string(.), '\n\tat com.codeborne.selenide.impl.WebElementSource.createElementNotFoundError(WebElementSource.java:89)\n\tat com.codeborne.selenide.impl.ElementFinder.createElementNotFoundError(ElementFinder.java:129)\n\tat com.codeborne.selenide.impl.ExceptionWrapper.wrap(ExceptionWrapper.java:25)\n\tat com.codeborne.selenide.impl.SelenideElementProxy.dispatchAndRetry(SelenideElementProxy.java:153)\n\tat com.codeborne.selenide.impl.SelenideElementProxy.invoke(SelenideElementProxy.java:83)\n\tat jdk.proxy2/jdk.proxy2.$Proxy35.getText(Unknown Source)\n\tat pages.mainPages.ProjectsPage.assertNameProject(ProjectsPage.java:49)\n\tat tests.ui.ProjectsTest.checkSearchProject(ProjectsTest.java:40)\n\tat java.base/jdk.internal.reflect.NativeMethodAccessorImpl.invoke0(Native Method)\n\tat java.base/jdk.internal.reflect.NativeMethodAccessorImpl.invoke(NativeMethodAccessorImpl.java:77)\n\tat java.base/jdk.internal.reflect.DelegatingMethodAccessorImpl.invoke(DelegatingMethodAccessorImpl.java:43)\n\tat java.base/java.lang.reflect.Method.invoke(Method.java:569)\n\tat org.testng.internal.invokers.MethodInvocationHelper.invokeMethod(MethodInvocationHelper.java:141)\n\tat org.testng.internal.invokers.TestInvoker.invokeMethod(TestInvoker.java:687)\n\tat org.testng.internal.invokers.TestInvoker.invokeTestMethod(TestInvoker.java:230)\n\tat org.testng.internal.invokers.MethodRunner.runInSequence(MethodRunner.java:63)\n\tat org.testng.internal.invokers.TestInvoker$MethodInvocationAgent.invoke(TestInvoker.java:995)\n\tat org.testng.internal.invokers.TestInvoker.invokeTestMethods(TestInvoker.java:203)\n\tat org.testng.internal.invokers.TestMethodWorker.invokeTestMethods(TestMethodWorker.java:154)\n\tat org.testng.internal.invokers.TestMethodWorker.run(TestMethodWorker.java:134)\n\tat java.base/java.util.concurrent.Executors$RunnableAdapter.call(Executors.java:539)\n\tat java.base/java.util.concurrent.FutureTask.run(FutureTask.java:264)\n\tat org.testng.internal.thread.graph.TestNGFutureTask.run(TestNGFutureTask.java:22)\n\tat java.base/java.util.concurrent.ThreadPoolExecutor.runWorker(ThreadPoolExecutor.java:1136)\n\tat java.base/java.util.concurrent.ThreadPoolExecutor$Worker.run(ThreadPoolExecutor.java:635)\n\tat java.base/java.lang.Thread.run(Thread.java:840)\nCaused by: org.openqa.selenium.NoSuchElementException: no such element: Unable to locate element: {\"method\":\"xpath\",\"selector\":\".//*/text()[normalize-space(translate(string(.), '\t\n\r             ​‌‍  ⁠　', '                       ')) = \"QASE_PROJECT\"]/parent::*\"}\n  (Session info: chrome=138.0.7204.100)\nFor documentation on this error, please visit: https://www.selenium.dev/documentation/webdriver/troubleshooting/errors#no-such-element-exception\nBuild info: version: '4.34.0', revision: '707dcb4246*'\nSystem info: os.name: 'Linux', os.arch: 'amd64', os.version: '6.11.0-1018-azure', java.version: '17.0.15'\nDriver info: org.openqa.selenium.chrome.ChromeDriver\nCommand: [b3280ba3cd09456e0cd220c2712ed197, findElement {using=xpath, value=.//*/text()[normalize-space(translate(string(.), '\t\n\r             ​‌‍  ⁠　', '                       ')) = \"QASE_PROJECT\"]/parent::*}]\nCapabilities {acceptInsecureCerts: true, browserName: chrome, browserVersion: 138.0.7204.100, chrome: {chromedriverVersion: 138.0.7204.157 (e533e98b126..., userDataDir: /tmp/.org.chromium.Chromium...}, fedcm:accounts: true, goog:chromeOptions: {debuggerAddress: localhost:33375}, networkConnectionEnabled: false, pageLoadStrategy: normal, platformName: linux, proxy: Proxy(), se:cdp: ws://localhost:33375/devtoo..., se:cdpVersion: 138.0.7204.100, setWindowRect: true, strictFileInteractability: false, timeouts: {implicit: 0, pageLoad: 300000, script: 30000}, unhandledPromptBehavior: accept, webauthn:extension:credBlob: true, webauthn:extension:largeBlob: true, webauthn:extension:minPinLength: true, webauthn:extension:prf: true, webauthn:virtualAuthenticators: true}\nSession ID: b3280ba3cd09456e0cd220c2712ed197\n\tat jdk.internal.reflect.GeneratedConstructorAccessor30.newInstance(Unknown Source)\n\tat java.base/jdk.internal.reflect.DelegatingConstructorAccessorImpl.newInstance(DelegatingConstructorAccessorImpl.java:45)\n\tat java.base/java.lang.reflect.Constructor.newInstanceWithCaller(Constructor.java:500)\n\tat java.base/java.lang.reflect.Constructor.newInstance(Constructor.java:481)\n\tat org.openqa.selenium.remote.ErrorCodec.decode(ErrorCodec.java:167)\n\tat org.openqa.selenium.remote.codec.w3c.W3CHttpResponseCodec.decode(W3CHttpResponseCodec.java:138)\n\tat org.openqa.selenium.remote.codec.w3c.W3CHttpResponseCodec.decode(W3CHttpResponseCodec.java:50)\n\tat org.openqa.selenium.remote.HttpCommandExecutor.execute(HttpCommandExecutor.java:215)\n\tat org.openqa.selenium.remote.service.DriverCommandExecutor.invokeExecute(DriverCommandExecutor.java:216)\n\tat org.openqa.selenium.remote.service.DriverCommandExecutor.execute(DriverCommandExecutor.java:174)\n\tat org.openqa.selenium.remote.RemoteWebDriver.execute(RemoteWebDriver.java:544)\n\tat org.openqa.selenium.remote.ElementLocation$ElementFinder$2.findElement(ElementLocation.java:165)\n\tat org.openqa.selenium.remote.ElementLocation.findElement(ElementLocation.java:59)\n\tat org.openqa.selenium.remote.RemoteWebDriver.findElement(RemoteWebDriver.java:367)\n\tat org.openqa.selenium.remote.RemoteWebDriver.findElement(RemoteWebDriver.java:361)\n\tat com.codeborne.selenide.impl.WebElementSelector.findElement(WebElementSelector.java:67)\n\tat com.codeborne.selenide.impl.WebElementSelector.findElement(WebElementSelector.java:38)\n\tat com.codeborne.selenide.impl.WebElementSelector.findElement(WebElementSelector.java:29)\n\tat com.codeborne.selenide.impl.ElementFinder.getWebElement(ElementFinder.java:113)\n\tat com.codeborne.selenide.commands.GetText.execute(GetText.java:22)\n\tat com.codeborne.selenide.commands.GetText.execute(GetText.java:9)\n\tat com.codeborne.selenide.commands.Commands.execute(Commands.java:160)\n\tat com.codeborne.selenide.impl.SelenideElementProxy.dispatchAndRetry(SelenideElementProxy.java:131)\n\t... 22 more\n","flaky":false,"newFailed":true,"newBroken":false,"newPassed":false,"retriesCount":0,"retriesStatusChange":false,"beforeStages":[{"name":"setup","time":{"start":1753013124126,"stop":1753013124131,"duration":5},"description":"","status":"passed","steps":[],"attachments":[],"parameters":[],"shouldDisplayMessage":false,"stepsCount":0,"attachmentsCount":0,"hasContent":false,"attachmentStep":false}],"testStage":{"status":"failed","statusMessage":"Element not found {by text: QASE_PROJECT}\nExpected: exist\nScreenshot: file:/home/runner/work/QASE/QASE/build/reports/tests/1753013140850.6.png\nPage source: file:/home/runner/work/QASE/QASE/build/reports/tests/1753013140850.6.html\nTimeout: 15 s.\nCaused by: NoSuchElementException: no such element: Unable to locate element: {\"method\":\"xpath\",\"selector\":\".//*/text()[normalize-space(translate(string(.), '","statusTrace":"Element not found {by text: QASE_PROJECT}\nExpected: exist\nScreenshot: file:/home/runner/work/QASE/QASE/build/reports/tests/1753013140850.6.png\nPage source: file:/home/runner/work/QASE/QASE/build/reports/tests/1753013140850.6.html\nTimeout: 15 s.\nCaused by: NoSuchElementException: no such element: Unable to locate element: {\"method\":\"xpath\",\"selector\":\".//*/text()[normalize-space(translate(string(.), '\n\tat com.codeborne.selenide.impl.WebElementSource.createElementNotFoundError(WebElementSource.java:89)\n\tat com.codeborne.selenide.impl.ElementFinder.createElementNotFoundError(ElementFinder.java:129)\n\tat com.codeborne.selenide.impl.ExceptionWrapper.wrap(ExceptionWrapper.java:25)\n\tat com.codeborne.selenide.impl.SelenideElementProxy.dispatchAndRetry(SelenideElementProxy.java:153)\n\tat com.codeborne.selenide.impl.SelenideElementProxy.invoke(SelenideElementProxy.java:83)\n\tat jdk.proxy2/jdk.proxy2.$Proxy35.getText(Unknown Source)\n\tat pages.mainPages.ProjectsPage.assertNameProject(ProjectsPage.java:49)\n\tat tests.ui.ProjectsTest.checkSearchProject(ProjectsTest.java:40)\n\tat java.base/jdk.internal.reflect.NativeMethodAccessorImpl.invoke0(Native Method)\n\tat java.base/jdk.internal.reflect.NativeMethodAccessorImpl.invoke(NativeMethodAccessorImpl.java:77)\n\tat java.base/jdk.internal.reflect.DelegatingMethodAccessorImpl.invoke(DelegatingMethodAccessorImpl.java:43)\n\tat java.base/java.lang.reflect.Method.invoke(Method.java:569)\n\tat org.testng.internal.invokers.MethodInvocationHelper.invokeMethod(MethodInvocationHelper.java:141)\n\tat org.testng.internal.invokers.TestInvoker.invokeMethod(TestInvoker.java:687)\n\tat org.testng.internal.invokers.TestInvoker.invokeTestMethod(TestInvoker.java:230)\n\tat org.testng.internal.invokers.MethodRunner.runInSequence(MethodRunner.java:63)\n\tat org.testng.internal.invokers.TestInvoker$MethodInvocationAgent.invoke(TestInvoker.java:995)\n\tat org.testng.internal.invokers.TestInvoker.invokeTestMethods(TestInvoker.java:203)\n\tat org.testng.internal.invokers.TestMethodWorker.invokeTestMethods(TestMethodWorker.java:154)\n\tat org.testng.internal.invokers.TestMethodWorker.run(TestMethodWorker.java:134)\n\tat java.base/java.util.concurrent.Executors$RunnableAdapter.call(Executors.java:539)\n\tat java.base/java.util.concurrent.FutureTask.run(FutureTask.java:264)\n\tat org.testng.internal.thread.graph.TestNGFutureTask.run(TestNGFutureTask.java:22)\n\tat java.base/java.util.concurrent.ThreadPoolExecutor.runWorker(ThreadPoolExecutor.java:1136)\n\tat java.base/java.util.concurrent.ThreadPoolExecutor$Worker.run(ThreadPoolExecutor.java:635)\n\tat java.base/java.lang.Thread.run(Thread.java:840)\nCaused by: org.openqa.selenium.NoSuchElementException: no such element: Unable to locate element: {\"method\":\"xpath\",\"selector\":\".//*/text()[normalize-space(translate(string(.), '\t\n\r             ​‌‍  ⁠　', '                       ')) = \"QASE_PROJECT\"]/parent::*\"}\n  (Session info: chrome=138.0.7204.100)\nFor documentation on this error, please visit: https://www.selenium.dev/documentation/webdriver/troubleshooting/errors#no-such-element-exception\nBuild info: version: '4.34.0', revision: '707dcb4246*'\nSystem info: os.name: 'Linux', os.arch: 'amd64', os.version: '6.11.0-1018-azure', java.version: '17.0.15'\nDriver info: org.openqa.selenium.chrome.ChromeDriver\nCommand: [b3280ba3cd09456e0cd220c2712ed197, findElement {using=xpath, value=.//*/text()[normalize-space(translate(string(.), '\t\n\r             ​‌‍  ⁠　', '                       ')) = \"QASE_PROJECT\"]/parent::*}]\nCapabilities {acceptInsecureCerts: true, browserName: chrome, browserVersion: 138.0.7204.100, chrome: {chromedriverVersion: 138.0.7204.157 (e533e98b126..., userDataDir: /tmp/.org.chromium.Chromium...}, fedcm:accounts: true, goog:chromeOptions: {debuggerAddress: localhost:33375}, networkConnectionEnabled: false, pageLoadStrategy: normal, platformName: linux, proxy: Proxy(), se:cdp: ws://localhost:33375/devtoo..., se:cdpVersion: 138.0.7204.100, setWindowRect: true, strictFileInteractability: false, timeouts: {implicit: 0, pageLoad: 300000, script: 30000}, unhandledPromptBehavior: accept, webauthn:extension:credBlob: true, webauthn:extension:largeBlob: true, webauthn:extension:minPinLength: true, webauthn:extension:prf: true, webauthn:virtualAuthenticators: true}\nSession ID: b3280ba3cd09456e0cd220c2712ed197\n\tat jdk.internal.reflect.GeneratedConstructorAccessor30.newInstance(Unknown Source)\n\tat java.base/jdk.internal.reflect.DelegatingConstructorAccessorImpl.newInstance(DelegatingConstructorAccessorImpl.java:45)\n\tat java.base/java.lang.reflect.Constructor.newInstanceWithCaller(Constructor.java:500)\n\tat java.base/java.lang.reflect.Constructor.newInstance(Constructor.java:481)\n\tat org.openqa.selenium.remote.ErrorCodec.decode(ErrorCodec.java:167)\n\tat org.openqa.selenium.remote.codec.w3c.W3CHttpResponseCodec.decode(W3CHttpResponseCodec.java:138)\n\tat org.openqa.selenium.remote.codec.w3c.W3CHttpResponseCodec.decode(W3CHttpResponseCodec.java:50)\n\tat org.openqa.selenium.remote.HttpCommandExecutor.execute(HttpCommandExecutor.java:215)\n\tat org.openqa.selenium.remote.service.DriverCommandExecutor.invokeExecute(DriverCommandExecutor.java:216)\n\tat org.openqa.selenium.remote.service.DriverCommandExecutor.execute(DriverCommandExecutor.java:174)\n\tat org.openqa.selenium.remote.RemoteWebDriver.execute(RemoteWebDriver.java:544)\n\tat org.openqa.selenium.remote.ElementLocation$ElementFinder$2.findElement(ElementLocation.java:165)\n\tat org.openqa.selenium.remote.ElementLocation.findElement(ElementLocation.java:59)\n\tat org.openqa.selenium.remote.RemoteWebDriver.findElement(RemoteWebDriver.java:367)\n\tat org.openqa.selenium.remote.RemoteWebDriver.findElement(RemoteWebDriver.java:361)\n\tat com.codeborne.selenide.impl.WebElementSelector.findElement(WebElementSelector.java:67)\n\tat com.codeborne.selenide.impl.WebElementSelector.findElement(WebElementSelector.java:38)\n\tat com.codeborne.selenide.impl.WebElementSelector.findElement(WebElementSelector.java:29)\n\tat com.codeborne.selenide.impl.ElementFinder.getWebElement(ElementFinder.java:113)\n\tat com.codeborne.selenide.commands.GetText.execute(GetText.java:22)\n\tat com.codeborne.selenide.commands.GetText.execute(GetText.java:9)\n\tat com.codeborne.selenide.commands.Commands.execute(Commands.java:160)\n\tat com.codeborne.selenide.impl.SelenideElementProxy.dispatchAndRetry(SelenideElementProxy.java:131)\n\t... 22 more\n","steps":[{"name":"$(\"open\") https://app.qase.io/login","time":{"start":1753013124133,"stop":1753013125075,"duration":942},"status":"passed","steps":[{"name":"$(\"webdriver\") create()","time":{"start":1753013124133,"stop":1753013124396,"duration":263},"status":"passed","steps":[],"attachments":[],"parameters":[],"shouldDisplayMessage":false,"stepsCount":0,"attachmentsCount":0,"hasContent":false,"attachmentStep":false}],"attachments":[],"parameters":[],"shouldDisplayMessage":false,"stepsCount":1,"attachmentsCount":0,"hasContent":true,"attachmentStep":false},{"name":"$(\"By.xpath: //span[text()='Sign in']/ancestor::button[@type='submit']\") should have(visible)","time":{"start":1753013125075,"stop":1753013125114,"duration":39},"status":"passed","steps":[],"attachments":[],"parameters":[],"shouldDisplayMessage":false,"stepsCount":0,"attachmentsCount":0,"hasContent":false,"attachmentStep":false},{"name":"$(\"By.name: remember\") click()","time":{"start":1753013125115,"stop":1753013125394,"duration":279},"status":"passed","steps":[],"attachments":[],"parameters":[],"shouldDisplayMessage":false,"stepsCount":0,"attachmentsCount":0,"hasContent":false,"attachmentStep":false},{"name":"$(\"[name=email]\") set value(forzoreugh@gmail.com)","time":{"start":1753013125394,"stop":1753013125506,"duration":112},"status":"passed","steps":[],"attachments":[],"parameters":[],"shouldDisplayMessage":false,"stepsCount":0,"attachmentsCount":0,"hasContent":false,"attachmentStep":false},{"name":"$(\"[name=password]\") set value(SCartjom17171717)","time":{"start":1753013125506,"stop":1753013125613,"duration":107},"status":"passed","steps":[],"attachments":[],"parameters":[],"shouldDisplayMessage":false,"stepsCount":0,"attachmentsCount":0,"hasContent":false,"attachmentStep":false},{"name":"$(\"[name=password]\") submit()","time":{"start":1753013125613,"stop":1753013125676,"duration":63},"status":"passed","steps":[],"attachments":[],"parameters":[],"shouldDisplayMessage":false,"stepsCount":0,"attachmentsCount":0,"hasContent":false,"attachmentStep":false},{"name":"$(\"by text: QASE_PROJECT\") get text()","time":{"start":1753013125676,"stop":1753013141159,"duration":15483},"status":"failed","statusMessage":"Element not found {by text: QASE_PROJECT}\nExpected: exist\nScreenshot: file:/home/runner/work/QASE/QASE/build/reports/tests/1753013140850.6.png\nPage source: file:/home/runner/work/QASE/QASE/build/reports/tests/1753013140850.6.html\nTimeout: 15 s.\nCaused by: NoSuchElementException: no such element: Unable to locate element: {\"method\":\"xpath\",\"selector\":\".//*/text()[normalize-space(translate(string(.), '","statusTrace":"Element not found {by text: QASE_PROJECT}\nExpected: exist\nScreenshot: file:/home/runner/work/QASE/QASE/build/reports/tests/1753013140850.6.png\nPage source: file:/home/runner/work/QASE/QASE/build/reports/tests/1753013140850.6.html\nTimeout: 15 s.\nCaused by: NoSuchElementException: no such element: Unable to locate element: {\"method\":\"xpath\",\"selector\":\".//*/text()[normalize-space(translate(string(.), '\n\tat com.codeborne.selenide.impl.WebElementSource.createElementNotFoundError(WebElementSource.java:89)\n\tat com.codeborne.selenide.impl.ElementFinder.createElementNotFoundError(ElementFinder.java:129)\n\tat com.codeborne.selenide.impl.ExceptionWrapper.wrap(ExceptionWrapper.java:25)\n\tat com.codeborne.selenide.impl.SelenideElementProxy.dispatchAndRetry(SelenideElementProxy.java:153)\n\tat com.codeborne.selenide.impl.SelenideElementProxy.invoke(SelenideElementProxy.java:83)\n\tat jdk.proxy2/jdk.proxy2.$Proxy35.getText(Unknown Source)\n\tat pages.mainPages.ProjectsPage.assertNameProject(ProjectsPage.java:49)\n\tat tests.ui.ProjectsTest.checkSearchProject(ProjectsTest.java:40)\n\tat java.base/jdk.internal.reflect.NativeMethodAccessorImpl.invoke0(Native Method)\n\tat java.base/jdk.internal.reflect.NativeMethodAccessorImpl.invoke(NativeMethodAccessorImpl.java:77)\n\tat java.base/jdk.internal.reflect.DelegatingMethodAccessorImpl.invoke(DelegatingMethodAccessorImpl.java:43)\n\tat java.base/java.lang.reflect.Method.invoke(Method.java:569)\n\tat org.testng.internal.invokers.MethodInvocationHelper.invokeMethod(MethodInvocationHelper.java:141)\n\tat org.testng.internal.invokers.TestInvoker.invokeMethod(TestInvoker.java:687)\n\tat org.testng.internal.invokers.TestInvoker.invokeTestMethod(TestInvoker.java:230)\n\tat org.testng.internal.invokers.MethodRunner.runInSequence(MethodRunner.java:63)\n\tat org.testng.internal.invokers.TestInvoker$MethodInvocationAgent.invoke(TestInvoker.java:995)\n\tat org.testng.internal.invokers.TestInvoker.invokeTestMethods(TestInvoker.java:203)\n\tat org.testng.internal.invokers.TestMethodWorker.invokeTestMethods(TestMethodWorker.java:154)\n\tat org.testng.internal.invokers.TestMethodWorker.run(TestMethodWorker.java:134)\n\tat java.base/java.util.concurrent.Executors$RunnableAdapter.call(Executors.java:539)\n\tat java.base/java.util.concurrent.FutureTask.run(FutureTask.java:264)\n\tat org.testng.internal.thread.graph.TestNGFutureTask.run(TestNGFutureTask.java:22)\n\tat java.base/java.util.concurrent.ThreadPoolExecutor.runWorker(ThreadPoolExecutor.java:1136)\n\tat java.base/java.util.concurrent.ThreadPoolExecutor$Worker.run(ThreadPoolExecutor.java:635)\n\tat java.base/java.lang.Thread.run(Thread.java:840)\nCaused by: org.openqa.selenium.NoSuchElementException: no such element: Unable to locate element: {\"method\":\"xpath\",\"selector\":\".//*/text()[normalize-space(translate(string(.), '\t\n\r             ​‌‍  ⁠　', '                       ')) = \"QASE_PROJECT\"]/parent::*\"}\n  (Session info: chrome=138.0.7204.100)\nFor documentation on this error, please visit: https://www.selenium.dev/documentation/webdriver/troubleshooting/errors#no-such-element-exception\nBuild info: version: '4.34.0', revision: '707dcb4246*'\nSystem info: os.name: 'Linux', os.arch: 'amd64', os.version: '6.11.0-1018-azure', java.version: '17.0.15'\nDriver info: org.openqa.selenium.chrome.ChromeDriver\nCommand: [b3280ba3cd09456e0cd220c2712ed197, findElement {using=xpath, value=.//*/text()[normalize-space(translate(string(.), '\t\n\r             ​‌‍  ⁠　', '                       ')) = \"QASE_PROJECT\"]/parent::*}]\nCapabilities {acceptInsecureCerts: true, browserName: chrome, browserVersion: 138.0.7204.100, chrome: {chromedriverVersion: 138.0.7204.157 (e533e98b126..., userDataDir: /tmp/.org.chromium.Chromium...}, fedcm:accounts: true, goog:chromeOptions: {debuggerAddress: localhost:33375}, networkConnectionEnabled: false, pageLoadStrategy: normal, platformName: linux, proxy: Proxy(), se:cdp: ws://localhost:33375/devtoo..., se:cdpVersion: 138.0.7204.100, setWindowRect: true, strictFileInteractability: false, timeouts: {implicit: 0, pageLoad: 300000, script: 30000}, unhandledPromptBehavior: accept, webauthn:extension:credBlob: true, webauthn:extension:largeBlob: true, webauthn:extension:minPinLength: true, webauthn:extension:prf: true, webauthn:virtualAuthenticators: true}\nSession ID: b3280ba3cd09456e0cd220c2712ed197\n\tat jdk.internal.reflect.GeneratedConstructorAccessor30.newInstance(Unknown Source)\n\tat java.base/jdk.internal.reflect.DelegatingConstructorAccessorImpl.newInstance(DelegatingConstructorAccessorImpl.java:45)\n\tat java.base/java.lang.reflect.Constructor.newInstanceWithCaller(Constructor.java:500)\n\tat java.base/java.lang.reflect.Constructor.newInstance(Constructor.java:481)\n\tat org.openqa.selenium.remote.ErrorCodec.decode(ErrorCodec.java:167)\n\tat org.openqa.selenium.remote.codec.w3c.W3CHttpResponseCodec.decode(W3CHttpResponseCodec.java:138)\n\tat org.openqa.selenium.remote.codec.w3c.W3CHttpResponseCodec.decode(W3CHttpResponseCodec.java:50)\n\tat org.openqa.selenium.remote.HttpCommandExecutor.execute(HttpCommandExecutor.java:215)\n\tat org.openqa.selenium.remote.service.DriverCommandExecutor.invokeExecute(DriverCommandExecutor.java:216)\n\tat org.openqa.selenium.remote.service.DriverCommandExecutor.execute(DriverCommandExecutor.java:174)\n\tat org.openqa.selenium.remote.RemoteWebDriver.execute(RemoteWebDriver.java:544)\n\tat org.openqa.selenium.remote.ElementLocation$ElementFinder$2.findElement(ElementLocation.java:165)\n\tat org.openqa.selenium.remote.ElementLocation.findElement(ElementLocation.java:59)\n\tat org.openqa.selenium.remote.RemoteWebDriver.findElement(RemoteWebDriver.java:367)\n\tat org.openqa.selenium.remote.RemoteWebDriver.findElement(RemoteWebDriver.java:361)\n\tat com.codeborne.selenide.impl.WebElementSelector.findElement(WebElementSelector.java:67)\n\tat com.codeborne.selenide.impl.WebElementSelector.findElement(WebElementSelector.java:38)\n\tat com.codeborne.selenide.impl.WebElementSelector.findElement(WebElementSelector.java:29)\n\tat com.codeborne.selenide.impl.ElementFinder.getWebElement(ElementFinder.java:113)\n\tat com.codeborne.selenide.commands.GetText.execute(GetText.java:22)\n\tat com.codeborne.selenide.commands.GetText.execute(GetText.java:9)\n\tat com.codeborne.selenide.commands.Commands.execute(Commands.java:160)\n\tat com.codeborne.selenide.impl.SelenideElementProxy.dispatchAndRetry(SelenideElementProxy.java:131)\n\t... 22 more\n","steps":[],"attachments":[{"uid":"1f1e60c7fc9457ec","name":"Screenshot","source":"1f1e60c7fc9457ec.png","type":"image/png","size":198242},{"uid":"72d8fd4b69de2edf","name":"Page source","source":"72d8fd4b69de2edf.html","type":"text/html","size":64143}],"parameters":[],"shouldDisplayMessage":true,"stepsCount":0,"attachmentsCount":2,"hasContent":true,"attachmentStep":false}],"attachments":[],"parameters":[],"shouldDisplayMessage":false,"stepsCount":8,"attachmentsCount":2,"hasContent":true,"attachmentStep":false},"afterStages":[{"name":"tearDown","time":{"start":1753013141162,"stop":1753013141235,"duration":73},"description":"","status":"passed","steps":[{"name":"$(\"webdriver\") close()","time":{"start":1753013141162,"stop":1753013141235,"duration":73},"status":"passed","steps":[],"attachments":[],"parameters":[],"shouldDisplayMessage":false,"stepsCount":0,"attachmentsCount":0,"hasContent":false,"attachmentStep":false}],"attachments":[],"parameters":[],"shouldDisplayMessage":false,"stepsCount":1,"attachmentsCount":0,"hasContent":true,"attachmentStep":false}],"labels":[{"name":"package","value":"tests.ui.ProjectsTest"},{"name":"testClass","value":"tests.ui.ProjectsTest"},{"name":"testMethod","value":"checkSearchProject"},{"name":"parentSuite","value":"QASE UI Suite"},{"name":"suite","value":"All UI tests"},{"name":"subSuite","value":"tests.ui.ProjectsTest"},{"name":"host","value":"pkrvmq0rgcvqdmg"},{"name":"thread","value":"2569@pkrvmq0rgcvqdmg.TestNG-test-All UI tests-2(22)"},{"name":"framework","value":"testng"},{"name":"language","value":"java"},{"name":"severity","value":"normal"},{"name":"resultFormat","value":"allure2"}],"parameters":[],"links":[],"hidden":false,"retry":false,"extra":{"severity":"normal","retries":[],"categories":[{"name":"Product defects","matchedStatuses":[],"flaky":false}],"history":{"statistic":{"failed":3,"broken":2,"skipped":0,"passed":1,"unknown":0,"total":6},"items":[{"uid":"bedb64524a746247","reportUrl":"https://forzoreugh.github.io/QASE/55//#testresult/bedb64524a746247","status":"broken","statusDetails":"Could not start a new session. Response code 500. Message: session not created: probably user data directory is already in use, please specify a unique value for --user-data-dir argument, or don't use --user-data-dir \nHost info: host: 'pkrvmq0rgcvqdmg', ip: '10.1.0.19'\nBuild info: version: '4.34.0', revision: '707dcb4246*'\nSystem info: os.name: 'Linux', os.arch: 'amd64', os.version: '6.11.0-1018-azure', java.version: '17.0.15'\nDriver info: org.openqa.selenium.chrome.ChromeDriver\nCommand: [null, newSession {capabilities=[Capabilities {acceptInsecureCerts: true, browserName: chrome, goog:chromeOptions: {args: [--proxy-bypass-list=<-loopb..., --disable-dev-shm-usage, --disable-search-engine-cho..., --unsafely-disable-devtools..., --window-size=1920,1080, --ignore-ssl-errors=yes, --ignore-certificate-errors, --incognito, --disable-gpu, --no-sandbox], excludeSwitches: [enable-automation, load-extension], extensions: [], prefs: {autofill.credit_card_enabled: false, autofill.profile_enabled: false, credentials_enable_service: false, download.default_directory: /home/runner/work/QASE/QASE..., plugins.always_open_pdf_externally: true, profile.default_content_setting_values.automatic_downloads: 1, profile.password_manager_enabled: false, profile.password_manager_leak_detection: false, safebrowsing.enabled: true}}, pageLoadStrategy: normal, unhandledPromptBehavior: accept}]}]\nselenide.url: https://app.qase.io/login\nselenide.baseUrl: https://app.qase.io","time":{"start":1752958523832,"stop":1752958523985,"duration":153}},{"uid":"1adbcaa4bd191a16","reportUrl":"https://forzoreugh.github.io/QASE/41//#testresult/1adbcaa4bd191a16","status":"failed","statusDetails":"Element not found {by text: QASE_PROJECT}\nExpected: exist\nScreenshot: file:/home/runner/work/QASE/QASE/build/reports/tests/1752857961915.2.png\nPage source: file:/home/runner/work/QASE/QASE/build/reports/tests/1752857961915.2.html\nTimeout: 10 s.\nCaused by: NoSuchElementException: no such element: Unable to locate element: {\"method\":\"xpath\",\"selector\":\".//*/text()[normalize-space(translate(string(.), '","time":{"start":1752857949936,"stop":1752857962252,"duration":12316}},{"uid":"3d254073efaf1156","reportUrl":"https://forzoreugh.github.io/QASE/40//#testresult/3d254073efaf1156","status":"failed","statusDetails":"Element not found {by text: QASE_PROJECT}\nExpected: exist\nScreenshot: file:/home/runner/work/QASE/QASE/build/reports/tests/1752834902415.3.png\nPage source: file:/home/runner/work/QASE/QASE/build/reports/tests/1752834902415.3.html\nTimeout: 10 s.\nCaused by: NoSuchElementException: no such element: Unable to locate element: {\"method\":\"xpath\",\"selector\":\".//*/text()[normalize-space(translate(string(.), '","time":{"start":1752834890651,"stop":1752834902757,"duration":12106}},{"uid":"9e83718a27df3da","reportUrl":"https://forzoreugh.github.io/QASE/39//#testresult/9e83718a27df3da","status":"passed","time":{"start":1752834676016,"stop":1752834680879,"duration":4863}},{"uid":"2ea4057d1eec0bcc","reportUrl":"https://forzoreugh.github.io/QASE/38//#testresult/2ea4057d1eec0bcc","status":"broken","statusDetails":"Could not start a new session. Response code 500. Message: session not created: probably user data directory is already in use, please specify a unique value for --user-data-dir argument, or don't use --user-data-dir \nHost info: host: 'pkrvmq0rgcvqdmg', ip: '10.1.0.239'\nBuild info: version: '4.34.0', revision: '707dcb4246*'\nSystem info: os.name: 'Linux', os.arch: 'amd64', os.version: '6.11.0-1018-azure', java.version: '17.0.15'\nDriver info: org.openqa.selenium.chrome.ChromeDriver\nCommand: [null, newSession {capabilities=[Capabilities {acceptInsecureCerts: true, browserName: chrome, goog:chromeOptions: {args: [--proxy-bypass-list=<-loopb..., --disable-dev-shm-usage, --disable-search-engine-cho..., --unsafely-disable-devtools..., --window-size=1920,1080, --ignore-ssl-errors=yes, --ignore-certificate-errors, --incognito], excludeSwitches: [enable-automation, load-extension], extensions: [], prefs: {autofill.credit_card_enabled: false, autofill.profile_enabled: false, credentials_enable_service: false, download.default_directory: /home/runner/work/QASE/QASE..., plugins.always_open_pdf_externally: true, profile.default_content_setting_values.automatic_downloads: 1, profile.password_manager_enabled: false, profile.password_manager_leak_detection: false, safebrowsing.enabled: true}}, pageLoadStrategy: normal, unhandledPromptBehavior: accept}]}]\nselenide.url: https://app.qase.io/login\nselenide.baseUrl: https://app.qase.io","time":{"start":1752834469088,"stop":1752834469243,"duration":155}}]},"tags":[]},"source":"99c26c90c6a77e22.json","parameterValues":[]}